2026-01-18 07:32:05:INFO:**********************Test_01_Admin_Login******************************
2026-01-18 07:32:05:INFO:**********************test_title_verification******************************
2026-01-18 07:32:06:INFO:**********************test_title_verification******************************
2026-01-18 07:32:08:INFO:**********************test_valid_admin_login******************************
2026-01-18 07:32:10:INFO:**********************test_valid_admin_login******************************
2026-01-18 07:32:12:INFO:**********************test_invalid_admin_login******************************
2026-01-18 07:32:14:INFO:**********************test_invalid_admin_login******************************
2026-01-18 16:03:13:INFO:**********************Test_01_Admin_Login******************************
2026-01-18 16:03:13:INFO:**********************test_title_verification******************************
2026-01-18 16:03:19:INFO:**********************test_title_verification******************************
2026-01-18 16:03:23:INFO:**********************test_valid_admin_login******************************
2026-01-18 16:03:25:INFO:**********************test_valid_admin_login******************************
2026-01-18 16:03:27:INFO:**********************test_invalid_admin_login******************************
2026-01-18 16:03:31:INFO:**********************test_invalid_admin_login******************************
2026-01-19 11:58:01:INFO:**********************Test_01_Admin_Login******************************
2026-01-19 11:58:01:INFO:**********************test_title_verification******************************
2026-01-19 11:58:03:INFO:**********************test_title_verification******************************
2026-01-19 11:58:10:INFO:**********************test_valid_admin_login******************************
2026-01-19 11:58:14:INFO:**********************test_valid_admin_login******************************
2026-01-19 11:58:40:INFO:**********************test_invalid_admin_login******************************
2026-01-19 11:58:43:INFO:**********************test_invalid_admin_login******************************
2026-01-20 07:27:46:INFO:**********************Test_01_Admin_Login******************************
2026-01-20 07:27:46:INFO:**********************test_title_verification******************************
2026-01-20 07:27:47:INFO:**********************test_title_verification******************************
2026-01-20 07:27:50:INFO:**********************test_valid_admin_login******************************
2026-01-20 07:27:52:INFO:**********************test_valid_admin_login******************************
2026-01-20 07:27:54:INFO:**********************test_invalid_admin_login******************************
2026-01-20 07:27:56:INFO:**********************test_invalid_admin_login******************************
2026-01-20 07:29:03:INFO:**********************Test_01_Admin_Login******************************
2026-01-20 07:29:03:INFO:**********************test_title_verification******************************
2026-01-20 07:29:06:INFO:**********************test_title_verification******************************
2026-01-20 07:29:16:INFO:**********************test_valid_admin_login******************************
2026-01-20 07:29:20:INFO:**********************test_valid_admin_login******************************
2026-01-20 07:29:30:INFO:**********************test_invalid_admin_login******************************
2026-01-20 07:29:32:INFO:**********************test_invalid_admin_login******************************
2026-01-20 07:29:51:INFO:**********************Test_01_Admin_Login******************************
2026-01-20 07:29:51:INFO:**********************test_title_verification******************************
2026-01-20 07:29:53:INFO:**********************test_title_verification******************************
2026-01-20 07:29:56:INFO:**********************test_valid_admin_login******************************
2026-01-20 07:29:58:INFO:**********************test_valid_admin_login******************************
2026-01-20 07:30:01:INFO:**********************test_invalid_admin_login******************************
2026-01-20 07:30:03:INFO:**********************test_invalid_admin_login******************************
2026-01-20 07:36:26:INFO:**********************test_invalid_admin_login******************************
2026-01-20 07:36:28:INFO:**********************Test_01_Admin_Login******************************
2026-01-20 07:36:28:INFO:**********************test_title_verification******************************
2026-01-20 07:36:28:INFO:**********************test_valid_admin_login******************************
2026-01-20 07:36:34:INFO:**********************test_title_verification******************************
2026-01-20 07:36:35:INFO:**********************test_valid_admin_login******************************
2026-01-20 07:36:36:INFO:**********************test_invalid_admin_login******************************
2026-01-20 07:44:09:INFO:**********************Test_01_Admin_Login******************************
2026-01-20 07:44:09:INFO:**********************test_title_verification******************************
2026-01-20 07:44:11:INFO:**********************test_title_verification******************************
2026-01-20 07:44:13:INFO:**********************test_valid_admin_login******************************
2026-01-20 07:44:15:INFO:**********************test_valid_admin_login******************************
2026-01-20 07:44:18:INFO:**********************test_invalid_admin_login******************************
2026-01-20 07:44:19:INFO:**********************test_invalid_admin_login******************************
2026-01-20 07:54:51:INFO:**********************Test_01_Admin_Login******************************
2026-01-20 07:54:51:INFO:**********************test_title_verification******************************
2026-01-20 07:54:53:INFO:**********************test_title_verification******************************
2026-01-20 07:54:55:INFO:**********************test_valid_admin_login******************************
2026-01-20 07:54:57:INFO:**********************test_valid_admin_login******************************
2026-01-20 07:54:59:INFO:**********************test_invalid_admin_login******************************
2026-01-20 07:55:01:INFO:**********************test_invalid_admin_login******************************
2026-01-23 00:02:03:INFO:**********************Test_01_Admin_Login******************************
2026-01-23 00:02:03:INFO:**********************test_title_verification******************************
2026-01-23 00:02:05:INFO:**********************test_title_verification******************************
2026-01-23 00:02:08:INFO:**********************test_valid_admin_login******************************
2026-01-23 00:02:10:INFO:**********************test_valid_admin_login******************************
2026-01-23 00:02:12:INFO:**********************test_invalid_admin_login******************************
2026-01-23 00:02:14:INFO:**********************test_invalid_admin_login******************************
2026-01-23 01:50:14:INFO:***********Test_03_Add_New_Customer started ***********
2026-01-23 01:50:16:INFO:***********Login completed ***********
2026-01-23 01:50:16:INFO:***********placing order ***********
2026-01-23 01:58:30:INFO:***********Test_03_Add_New_Customer started ***********
2026-01-23 01:58:43:INFO:***********Login completed ***********
2026-01-23 01:58:43:INFO:***********placing order ***********
2026-01-23 02:04:54:INFO:***********Test_03_Add_New_Customer started ***********
2026-01-23 02:05:06:INFO:***********Login completed ***********
2026-01-23 02:05:06:INFO:***********placing order ***********
2026-01-23 02:08:16:INFO:***********Test_03_Add_New_Customer started ***********
2026-01-23 02:08:23:INFO:***********Login completed ***********
2026-01-23 02:08:23:INFO:***********placing order ***********
2026-01-23 02:29:58:INFO:***********Test_03_Add_New_Customer started ***********
2026-01-23 02:30:06:INFO:***********Login completed ***********
2026-01-23 02:30:06:INFO:***********placing order ***********
2026-01-23 02:34:33:INFO:***********Test_03_Add_New_Customer started ***********
2026-01-23 02:34:40:INFO:***********Login completed ***********
2026-01-23 02:34:40:INFO:***********placing order ***********
2026-01-23 02:36:24:INFO:***********Test_03_Add_New_Customer started ***********
2026-01-23 02:36:31:INFO:***********Login completed ***********
2026-01-23 02:36:31:INFO:***********placing order ***********
2026-01-23 02:37:07:INFO:***********Test_03_Add_New_Customer started ***********
2026-01-23 02:37:15:INFO:***********Login completed ***********
2026-01-23 02:37:15:INFO:***********placing order ***********
